  Determining projects to restore...
  All projects are up-to-date for restore.
C:\Users\User\Documents\SandBox\TranstFeeds\Models\TransitCalendar.cs(15,23): warning CS8618: Non-nullable property 'ServiceId' must contain a non-null value when exiting constructor. Consider adding the 'required' modifier or declaring the property as nullable. [C:\Users\User\Documents\SandBox\TranstFeeds\TranstFeeds.csproj]
C:\Users\User\Documents\SandBox\TranstFeeds\Models\Shape.cs(34,37): warning CS8618: Non-nullable property 'ShapesMaster' must contain a non-null value when exiting constructor. Consider adding the 'required' modifier or declaring the property as nullable. [C:\Users\User\Documents\SandBox\TranstFeeds\TranstFeeds.csproj]
C:\Users\User\Documents\SandBox\TranstFeeds\Models\Agency.cs(19,23): warning CS8618: Non-nullable property 'AgencyName' must contain a non-null value when exiting constructor. Consider adding the 'required' modifier or declaring the property as nullable. [C:\Users\User\Documents\SandBox\TranstFeeds\TranstFeeds.csproj]
C:\Users\User\Documents\SandBox\TranstFeeds\Controllers\ShapesController.cs(33,17): warning CS0472: The result of the expression is always 'false' since a value of type 'long' is never equal to 'null' of type 'long?' [C:\Users\User\Documents\SandBox\TranstFeeds\TranstFeeds.csproj]
C:\Users\User\Documents\SandBox\TranstFeeds\Controllers\ShapesMasterController.cs(32,17): warning CS0472: The result of the expression is always 'false' since a value of type 'long' is never equal to 'null' of type 'long?' [C:\Users\User\Documents\SandBox\TranstFeeds\TranstFeeds.csproj]
C:\Users\User\Documents\SandBox\TranstFeeds\Controllers\ShapesMasterController.cs(105,17): warning CS0472: The result of the expression is always 'false' since a value of type 'long' is never equal to 'null' of type 'long?' [C:\Users\User\Documents\SandBox\TranstFeeds\TranstFeeds.csproj]
C:\Users\User\Documents\SandBox\TranstFeeds\Controllers\ShapesController.cs(109,17): warning CS0472: The result of the expression is always 'false' since a value of type 'long' is never equal to 'null' of type 'long?' [C:\Users\User\Documents\SandBox\TranstFeeds\TranstFeeds.csproj]
C:\Users\User\Documents\SandBox\TranstFeeds\Controllers\TripsController.cs(165,35): warning CS8604: Possible null reference argument for parameter 'entity' in 'EntityEntry<Trip> DbSet<Trip>.Remove(Trip entity)'. [C:\Users\User\Documents\SandBox\TranstFeeds\TranstFeeds.csproj]
C:\Users\User\Documents\SandBox\TranstFeeds\Views\Trips\Index.cshtml(48,131): error CS1061: 'PaginatedList<Trip>' does not contain a definition for 'TotalCount' and no accessible extension method 'TotalCount' accepting a first argument of type 'PaginatedList<Trip>' could be found (are you missing a using directive or an assembly reference?) [C:\Users\User\Documents\SandBox\TranstFeeds\TranstFeeds.csproj]

Build FAILED.

C:\Users\User\Documents\SandBox\TranstFeeds\Models\TransitCalendar.cs(15,23): warning CS8618: Non-nullable property 'ServiceId' must contain a non-null value when exiting constructor. Consider adding the 'required' modifier or declaring the property as nullable. [C:\Users\User\Documents\SandBox\TranstFeeds\TranstFeeds.csproj]
C:\Users\User\Documents\SandBox\TranstFeeds\Models\Shape.cs(34,37): warning CS8618: Non-nullable property 'ShapesMaster' must contain a non-null value when exiting constructor. Consider adding the 'required' modifier or declaring the property as nullable. [C:\Users\User\Documents\SandBox\TranstFeeds\TranstFeeds.csproj]
C:\Users\User\Documents\SandBox\TranstFeeds\Models\Agency.cs(19,23): warning CS8618: Non-nullable property 'AgencyName' must contain a non-null value when exiting constructor. Consider adding the 'required' modifier or declaring the property as nullable. [C:\Users\User\Documents\SandBox\TranstFeeds\TranstFeeds.csproj]
C:\Users\User\Documents\SandBox\TranstFeeds\Controllers\ShapesController.cs(33,17): warning CS0472: The result of the expression is always 'false' since a value of type 'long' is never equal to 'null' of type 'long?' [C:\Users\User\Documents\SandBox\TranstFeeds\TranstFeeds.csproj]
C:\Users\User\Documents\SandBox\TranstFeeds\Controllers\ShapesMasterController.cs(32,17): warning CS0472: The result of the expression is always 'false' since a value of type 'long' is never equal to 'null' of type 'long?' [C:\Users\User\Documents\SandBox\TranstFeeds\TranstFeeds.csproj]
C:\Users\User\Documents\SandBox\TranstFeeds\Controllers\ShapesMasterController.cs(105,17): warning CS0472: The result of the expression is always 'false' since a value of type 'long' is never equal to 'null' of type 'long?' [C:\Users\User\Documents\SandBox\TranstFeeds\TranstFeeds.csproj]
C:\Users\User\Documents\SandBox\TranstFeeds\Controllers\ShapesController.cs(109,17): warning CS0472: The result of the expression is always 'false' since a value of type 'long' is never equal to 'null' of type 'long?' [C:\Users\User\Documents\SandBox\TranstFeeds\TranstFeeds.csproj]
C:\Users\User\Documents\SandBox\TranstFeeds\Controllers\TripsController.cs(165,35): warning CS8604: Possible null reference argument for parameter 'entity' in 'EntityEntry<Trip> DbSet<Trip>.Remove(Trip entity)'. [C:\Users\User\Documents\SandBox\TranstFeeds\TranstFeeds.csproj]
C:\Users\User\Documents\SandBox\TranstFeeds\Views\Trips\Index.cshtml(48,131): error CS1061: 'PaginatedList<Trip>' does not contain a definition for 'TotalCount' and no accessible extension method 'TotalCount' accepting a first argument of type 'PaginatedList<Trip>' could be found (are you missing a using directive or an assembly reference?) [C:\Users\User\Documents\SandBox\TranstFeeds\TranstFeeds.csproj]
    8 Warning(s)
    1 Error(s)

Time Elapsed 00:00:02.24

Workload updates are available. Run `dotnet workload list` for more information.
